# JRE version: Java(TM) SE Runtime Environment (8.0_91-b14) (build 1.8.0_91-b14)
# Java VM: Java HotSpot(TM) 64-Bit Server VM (25.91-b14 mixed mode linux-amd64 compressed oops)
Heap:
 PSYoungGen      total 262144K, used 200601K [0x00000000eab00000, 0x00000000ff800000, 0x0000000100000000)
  eden space 194560K, 100% used [0x00000000eab00000,0x00000000f6900000,0x00000000f6900000)
  from space 67584K, 8% used [0x00000000fb600000,0x00000000fbbe6610,0x00000000ff800000)
  to   space 73216K, 0% used [0x00000000f6900000,0x00000000f6930000,0x00000000fb080000)
 ParOldGen       total 325632K, used 201353K [0x00000000c0000000, 0x00000000d3e00000, 0x00000000eab00000)
  object space 325632K, 61% used [0x00000000c0000000,0x00000000cc4a2690,0x00000000d3e00000)
 Metaspace       used 101188K, capacity 105218K, committed 110976K, reserved 1146880K
  class space    used 12403K, capacity 13131K, committed 14208K, reserved 1048576K
GC Heap History (10 events):
Event: 7615.351 GC heap after
Heap after GC invocations=118 (full 21):
 PSYoungGen      total 281088K, used 56302K [0x00000000eab00000, 0x0000000100000000, 0x0000000100000000)
  eden space 224768K, 0% used [0x00000000eab00000,0x00000000eab00000,0x00000000f8680000)
  from space 56320K, 99% used [0x00000000f8680000,0x00000000fbd7bba0,0x00000000fbd80000)
  to   space 68096K, 0% used [0x00000000fbd80000,0x00000000fbd80000,0x0000000100000000)
 ParOldGen       total 328704K, used 260623K [0x00000000c0000000, 0x00000000d4100000, 0x00000000eab00000)
  object space 328704K, 79% used [0x00000000c0000000,0x00000000cfe83d40,0x00000000d4100000)
 Metaspace       used 102298K, capacity 106422K, committed 110976K, reserved 1146880K
  class space    used 12561K, capacity 13320K, committed 14208K, reserved 1048576K
}
Event: 7616.467 GC heap before
{Heap before GC invocations=119 (full 21):
 PSYoungGen      total 281088K, used 281070K [0x00000000eab00000, 0x0000000100000000, 0x0000000100000000)
  eden space 224768K, 100% used [0x00000000eab00000,0x00000000f8680000,0x00000000f8680000)
  from space 56320K, 99% used [0x00000000f8680000,0x00000000fbd7bba0,0x00000000fbd80000)
  to   space 68096K, 0% used [0x00000000fbd80000,0x00000000fbd80000,0x0000000100000000)
 ParOldGen       total 328704K, used 260623K [0x00000000c0000000, 0x00000000d4100000, 0x00000000eab00000)
  object space 328704K, 79% used [0x00000000c0000000,0x00000000cfe83d40,0x00000000d4100000)
 Metaspace       used 102302K, capacity 106486K, committed 110976K, reserved 1146880K
  class space    used 12561K, capacity 13320K, committed 14208K, reserved 1048576K
Event: 7616.535 GC heap after
Heap after GC invocations=119 (full 21):
 PSYoungGen      total 259584K, used 32066K [0x00000000eab00000, 0x0000000100000000, 0x0000000100000000)
  eden space 191488K, 0% used [0x00000000eab00000,0x00000000eab00000,0x00000000f6600000)
  from space 68096K, 47% used [0x00000000fbd80000,0x00000000fdcd0848,0x0000000100000000)
  to   space 78848K, 0% used [0x00000000f6600000,0x00000000f6600000,0x00000000fb300000)
 ParOldGen       total 328704K, used 314557K [0x00000000c0000000, 0x00000000d4100000, 0x00000000eab00000)
  object space 328704K, 95% used [0x00000000c0000000,0x00000000d332f590,0x00000000d4100000)
 Metaspace       used 102302K, capacity 106486K, committed 110976K, reserved 1146880K
  class space    used 12561K, capacity 13320K, committed 14208K, reserved 1048576K
}
Event: 7616.535 GC heap before
{Heap before GC invocations=120 (full 22):
 PSYoungGen      total 259584K, used 32066K [0x00000000eab00000, 0x0000000100000000, 0x0000000100000000)
  eden space 191488K, 0% used [0x00000000eab00000,0x00000000eab00000,0x00000000f6600000)
  from space 68096K, 47% used [0x00000000fbd80000,0x00000000fdcd0848,0x0000000100000000)
  to   space 78848K, 0% used [0x00000000f6600000,0x00000000f6600000,0x00000000fb300000)
 ParOldGen       total 328704K, used 314557K [0x00000000c0000000, 0x00000000d4100000, 0x00000000eab00000)
  object space 328704K, 95% used [0x00000000c0000000,0x00000000d332f590,0x00000000d4100000)
 Metaspace       used 102302K, capacity 106486K, committed 110976K, reserved 1146880K
  class space    used 12561K, capacity 13320K, committed 14208K, reserved 1048576K
Event: 7617.175 GC heap after
Heap after GC invocations=120 (full 22):
 PSYoungGen      total 259584K, used 0K [0x00000000eab00000, 0x0000000100000000, 0x0000000100000000)
  eden space 191488K, 0% used [0x00000000eab00000,0x00000000eab00000,0x00000000f6600000)
  from space 68096K, 0% used [0x00000000fbd80000,0x00000000fbd80000,0x0000000100000000)
  to   space 78848K, 0% used [0x00000000f6600000,0x00000000f6600000,0x00000000fb300000)
 ParOldGen       total 325632K, used 198724K [0x00000000c0000000, 0x00000000d3e00000, 0x00000000eab00000)
  object space 325632K, 61% used [0x00000000c0000000,0x00000000cc211140,0x00000000d3e00000)
 Metaspace       used 100879K, capacity 104888K, committed 110976K, reserved 1146880K
  class space    used 12381K, capacity 13088K, committed 14208K, reserved 1048576K
}
Event: 7618.742 GC heap before
{Heap before GC invocations=121 (full 22):
 PSYoungGen      total 259584K, used 191488K [0x00000000eab00000, 0x0000000100000000, 0x0000000100000000)
  eden space 191488K, 100% used [0x00000000eab00000,0x00000000f6600000,0x00000000f6600000)
  from space 68096K, 0% used [0x00000000fbd80000,0x00000000fbd80000,0x0000000100000000)
  to   space 78848K, 0% used [0x00000000f6600000,0x00000000f6600000,0x00000000fb300000)
 ParOldGen       total 325632K, used 198724K [0x00000000c0000000, 0x00000000d3e00000, 0x00000000eab00000)
  object space 325632K, 61% used [0x00000000c0000000,0x00000000cc211140,0x00000000d3e00000)
 Metaspace       used 101046K, capacity 105142K, committed 110976K, reserved 1146880K
  class space    used 12391K, capacity 13129K, committed 14208K, reserved 1048576K
Event: 7618.753 GC heap after
Heap after GC invocations=121 (full 22):
 PSYoungGen      total 270336K, used 6721K [0x00000000eab00000, 0x0000000100000000, 0x0000000100000000)
  eden space 191488K, 0% used [0x00000000eab00000,0x00000000eab00000,0x00000000f6600000)
  from space 78848K, 8% used [0x00000000f6600000,0x00000000f6c90718,0x00000000fb300000)
  to   space 75776K, 0% used [0x00000000fb600000,0x00000000fb600000,0x0000000100000000)
 ParOldGen       total 325632K, used 198724K [0x00000000c0000000, 0x00000000d3e00000, 0x00000000eab00000)
  object space 325632K, 61% used [0x00000000c0000000,0x00000000cc211140,0x00000000d3e00000)
 Metaspace       used 101046K, capacity 105142K, committed 110976K, reserved 1146880K
  class space    used 12391K, capacity 13129K, committed 14208K, reserved 1048576K
}
Event: 7619.336 GC heap before
{Heap before GC invocations=122 (full 22):
 PSYoungGen      total 270336K, used 198209K [0x00000000eab00000, 0x0000000100000000, 0x0000000100000000)
  eden space 191488K, 100% used [0x00000000eab00000,0x00000000f6600000,0x00000000f6600000)
  from space 78848K, 8% used [0x00000000f6600000,0x00000000f6c90718,0x00000000fb300000)
  to   space 75776K, 0% used [0x00000000fb600000,0x00000000fb600000,0x0000000100000000)
 ParOldGen       total 325632K, used 198724K [0x00000000c0000000, 0x00000000d3e00000, 0x00000000eab00000)
  object space 325632K, 61% used [0x00000000c0000000,0x00000000cc211140,0x00000000d3e00000)
 Metaspace       used 101098K, capacity 105142K, committed 110976K, reserved 1146880K
  class space    used 12398K, capacity 13129K, committed 14208K, reserved 1048576K
Event: 7619.343 GC heap after
Heap after GC invocations=122 (full 22):
 PSYoungGen      total 262144K, used 6041K [0x00000000eab00000, 0x00000000ff800000, 0x0000000100000000)
  eden space 194560K, 0% used [0x00000000eab00000,0x00000000eab00000,0x00000000f6900000)
  from space 67584K, 8% used [0x00000000fb600000,0x00000000fbbe6610,0x00000000ff800000)
  to   space 73216K, 0% used [0x00000000f6900000,0x00000000f6900000,0x00000000fb080000)
 ParOldGen       total 325632K, used 201353K [0x00000000c0000000, 0x00000000d3e00000, 0x00000000eab00000)
  object space 325632K, 61% used [0x00000000c0000000,0x00000000cc4a2690,0x00000000d3e00000)
 Metaspace       used 101098K, capacity 105142K, committed 110976K, reserved 1146880K
  class space    used 12398K, capacity 13129K, committed 14208K, reserved 1048576K
}
Event: 7671.952 GC heap before
{Heap before GC invocations=123 (full 22):
 PSYoungGen      total 262144K, used 200601K [0x00000000eab00000, 0x00000000ff800000, 0x0000000100000000)
  eden space 194560K, 100% used [0x00000000eab00000,0x00000000f6900000,0x00000000f6900000)
  from space 67584K, 8% used [0x00000000fb600000,0x00000000fbbe6610,0x00000000ff800000)
  to   space 73216K, 0% used [0x00000000f6900000,0x00000000f6900000,0x00000000fb080000)
 ParOldGen       total 325632K, used 201353K [0x00000000c0000000, 0x00000000d3e00000, 0x00000000eab00000)
  object space 325632K, 61% used [0x00000000c0000000,0x00000000cc4a2690,0x00000000d3e00000)
 Metaspace       used 101188K, capacity 105218K, committed 110976K, reserved 1146880K
  class space    used 12403K, capacity 13131K, committed 14208K, reserved 1048576K

