# JRE version: Java(TM) SE Runtime Environment (8.0_91-b14) (build 1.8.0_91-b14)
# Java VM: Java HotSpot(TM) 64-Bit Server VM (25.91-b14 mixed mode linux-amd64 compressed oops)
Heap:
 PSYoungGen      total 291328K, used 71837K [0x00000000eab00000, 0x0000000100000000, 0x0000000100000000)
  eden space 236544K, 16% used [0x00000000eab00000,0x00000000ed121118,0x00000000f9200000)
  from space 54784K, 59% used [0x00000000f9200000,0x00000000fb206410,0x00000000fc780000)
  to   space 55808K, 0% used [0x00000000fc980000,0x00000000fc980000,0x0000000100000000)
 ParOldGen       total 257024K, used 74311K [0x00000000c0000000, 0x00000000cfb00000, 0x00000000eab00000)
  object space 257024K, 28% used [0x00000000c0000000,0x00000000c4891f28,0x00000000cfb00000)
 Metaspace       used 89508K, capacity 94498K, committed 98432K, reserved 1134592K
  class space    used 11430K, capacity 12227K, committed 13184K, reserved 1048576K
GC Heap History (10 events):
Event: 16882.061 GC heap before
{Heap before GC invocations=157 (full 32):
 PSYoungGen      total 290304K, used 227840K [0x00000000eab00000, 0x0000000100000000, 0x0000000100000000)
  eden space 227840K, 100% used [0x00000000eab00000,0x00000000f8980000,0x00000000f8980000)
  from space 62464K, 0% used [0x00000000fc300000,0x00000000fc300000,0x0000000100000000)
  to   space 58880K, 0% used [0x00000000f8980000,0x00000000f8980000,0x00000000fc300000)
 ParOldGen       total 257024K, used 74303K [0x00000000c0000000, 0x00000000cfb00000, 0x00000000eab00000)
  object space 257024K, 28% used [0x00000000c0000000,0x00000000c488ff28,0x00000000cfb00000)
 Metaspace       used 89144K, capacity 93758K, committed 98304K, reserved 1134592K
  class space    used 11344K, capacity 12020K, committed 13056K, reserved 1048576K
Event: 16882.075 GC heap after
Heap after GC invocations=157 (full 32):
 PSYoungGen      total 241664K, used 13680K [0x00000000eab00000, 0x00000000ff680000, 0x0000000100000000)
  eden space 227840K, 0% used [0x00000000eab00000,0x00000000eab00000,0x00000000f8980000)
  from space 13824K, 98% used [0x00000000f8980000,0x00000000f96dc010,0x00000000f9700000)
  to   space 55808K, 0% used [0x00000000fc000000,0x00000000fc000000,0x00000000ff680000)
 ParOldGen       total 257024K, used 74303K [0x00000000c0000000, 0x00000000cfb00000, 0x00000000eab00000)
  object space 257024K, 28% used [0x00000000c0000000,0x00000000c488ff28,0x00000000cfb00000)
 Metaspace       used 89144K, capacity 93758K, committed 98304K, reserved 1134592K
  class space    used 11344K, capacity 12020K, committed 13056K, reserved 1048576K
}
Event: 16887.048 GC heap before
{Heap before GC invocations=158 (full 32):
 PSYoungGen      total 241664K, used 241520K [0x00000000eab00000, 0x00000000ff680000, 0x0000000100000000)
  eden space 227840K, 100% used [0x00000000eab00000,0x00000000f8980000,0x00000000f8980000)
  from space 13824K, 98% used [0x00000000f8980000,0x00000000f96dc010,0x00000000f9700000)
  to   space 55808K, 0% used [0x00000000fc000000,0x00000000fc000000,0x00000000ff680000)
 ParOldGen       total 257024K, used 74303K [0x00000000c0000000, 0x00000000cfb00000, 0x00000000eab00000)
  object space 257024K, 28% used [0x00000000c0000000,0x00000000c488ff28,0x00000000cfb00000)
 Metaspace       used 89302K, capacity 94098K, committed 98304K, reserved 1134592K
  class space    used 11401K, capacity 12179K, committed 13056K, reserved 1048576K
Event: 16887.072 GC heap after
Heap after GC invocations=158 (full 32):
 PSYoungGen      total 285184K, used 24176K [0x00000000eab00000, 0x0000000100000000, 0x0000000100000000)
  eden space 229376K, 0% used [0x00000000eab00000,0x00000000eab00000,0x00000000f8b00000)
  from space 55808K, 43% used [0x00000000fc000000,0x00000000fd79c030,0x00000000ff680000)
  to   space 54272K, 0% used [0x00000000f8b00000,0x00000000f8b00000,0x00000000fc000000)
 ParOldGen       total 257024K, used 74303K [0x00000000c0000000, 0x00000000cfb00000, 0x00000000eab00000)
  object space 257024K, 28% used [0x00000000c0000000,0x00000000c488ff28,0x00000000cfb00000)
 Metaspace       used 89302K, capacity 94098K, committed 98304K, reserved 1134592K
  class space    used 11401K, capacity 12179K, committed 13056K, reserved 1048576K
}
Event: 16888.174 GC heap before
{Heap before GC invocations=159 (full 32):
 PSYoungGen      total 285184K, used 253552K [0x00000000eab00000, 0x0000000100000000, 0x0000000100000000)
  eden space 229376K, 100% used [0x00000000eab00000,0x00000000f8b00000,0x00000000f8b00000)
  from space 55808K, 43% used [0x00000000fc000000,0x00000000fd79c030,0x00000000ff680000)
  to   space 54272K, 0% used [0x00000000f8b00000,0x00000000f8b00000,0x00000000fc000000)
 ParOldGen       total 257024K, used 74303K [0x00000000c0000000, 0x00000000cfb00000, 0x00000000eab00000)
  object space 257024K, 28% used [0x00000000c0000000,0x00000000c488ff28,0x00000000cfb00000)
 Metaspace       used 89308K, capacity 94098K, committed 98304K, reserved 1134592K
  class space    used 11401K, capacity 12179K, committed 13056K, reserved 1048576K
Event: 16888.243 GC heap after
Heap after GC invocations=159 (full 32):
 PSYoungGen      total 283648K, used 39538K [0x00000000eab00000, 0x0000000100000000, 0x0000000100000000)
  eden space 229376K, 0% used [0x00000000eab00000,0x00000000eab00000,0x00000000f8b00000)
  from space 54272K, 72% used [0x00000000f8b00000,0x00000000fb19c8d0,0x00000000fc000000)
  to   space 57856K, 0% used [0x00000000fc780000,0x00000000fc780000,0x0000000100000000)
 ParOldGen       total 257024K, used 74303K [0x00000000c0000000, 0x00000000cfb00000, 0x00000000eab00000)
  object space 257024K, 28% used [0x00000000c0000000,0x00000000c488ff28,0x00000000cfb00000)
 Metaspace       used 89308K, capacity 94098K, committed 98304K, reserved 1134592K
  class space    used 11401K, capacity 12179K, committed 13056K, reserved 1048576K
}
Event: 16895.247 GC heap before
{Heap before GC invocations=160 (full 32):
 PSYoungGen      total 283648K, used 268914K [0x00000000eab00000, 0x0000000100000000, 0x0000000100000000)
  eden space 229376K, 100% used [0x00000000eab00000,0x00000000f8b00000,0x00000000f8b00000)
  from space 54272K, 72% used [0x00000000f8b00000,0x00000000fb19c8d0,0x00000000fc000000)
  to   space 57856K, 0% used [0x00000000fc780000,0x00000000fc780000,0x0000000100000000)
 ParOldGen       total 257024K, used 74303K [0x00000000c0000000, 0x00000000cfb00000, 0x00000000eab00000)
  object space 257024K, 28% used [0x00000000c0000000,0x00000000c488ff28,0x00000000cfb00000)
 Metaspace       used 89338K, capacity 94162K, committed 98304K, reserved 1134592K
  class space    used 11401K, capacity 12179K, committed 13056K, reserved 1048576K
Event: 16895.266 GC heap after
Heap after GC invocations=160 (full 32):
 PSYoungGen      total 291840K, used 19232K [0x00000000eab00000, 0x00000000ffd80000, 0x0000000100000000)
  eden space 236544K, 0% used [0x00000000eab00000,0x00000000eab00000,0x00000000f9200000)
  from space 55296K, 34% used [0x00000000fc780000,0x00000000fda48050,0x00000000ffd80000)
  to   space 54784K, 0% used [0x00000000f9200000,0x00000000f9200000,0x00000000fc780000)
 ParOldGen       total 257024K, used 74303K [0x00000000c0000000, 0x00000000cfb00000, 0x00000000eab00000)
  object space 257024K, 28% used [0x00000000c0000000,0x00000000c488ff28,0x00000000cfb00000)
 Metaspace       used 89338K, capacity 94162K, committed 98304K, reserved 1134592K
  class space    used 11401K, capacity 12179K, committed 13056K, reserved 1048576K
}
Event: 16899.522 GC heap before
{Heap before GC invocations=161 (full 32):
 PSYoungGen      total 291840K, used 255776K [0x00000000eab00000, 0x00000000ffd80000, 0x0000000100000000)
  eden space 236544K, 100% used [0x00000000eab00000,0x00000000f9200000,0x00000000f9200000)
  from space 55296K, 34% used [0x00000000fc780000,0x00000000fda48050,0x00000000ffd80000)
  to   space 54784K, 0% used [0x00000000f9200000,0x00000000f9200000,0x00000000fc780000)
 ParOldGen       total 257024K, used 74303K [0x00000000c0000000, 0x00000000cfb00000, 0x00000000eab00000)
  object space 257024K, 28% used [0x00000000c0000000,0x00000000c488ff28,0x00000000cfb00000)
 Metaspace       used 89508K, capacity 94498K, committed 98432K, reserved 1134592K
  class space    used 11430K, capacity 12227K, committed 13184K, reserved 1048576K
Event: 16899.552 GC heap after
Heap after GC invocations=161 (full 32):
 PSYoungGen      total 291328K, used 32793K [0x00000000eab00000, 0x0000000100000000, 0x0000000100000000)
  eden space 236544K, 0% used [0x00000000eab00000,0x00000000eab00000,0x00000000f9200000)
  from space 54784K, 59% used [0x00000000f9200000,0x00000000fb206410,0x00000000fc780000)
  to   space 55808K, 0% used [0x00000000fc980000,0x00000000fc980000,0x0000000100000000)
 ParOldGen       total 257024K, used 74311K [0x00000000c0000000, 0x00000000cfb00000, 0x00000000eab00000)
  object space 257024K, 28% used [0x00000000c0000000,0x00000000c4891f28,0x00000000cfb00000)
 Metaspace       used 89508K, capacity 94498K, committed 98432K, reserved 1134592K
  class space    used 11430K, capacity 12227K, committed 13184K, reserved 1048576K
}

